<?xml version="1.0" encoding="UTF-8"?>
<testsuite xmlns:xsi="http://www.w3.org/2001/XMLSchema-instance" xsi:noNamespaceSchemaLocation="https://maven.apache.org/surefire/maven-surefire-plugin/xsd/surefire-test-report.xsd" name="TestSuite" time="20.049" tests="5" errors="0" skipped="1" failures="2">
  <properties>
[...]
</properties>
  <testcase name="CreateCustomerAPIInvalid" classname="com.automation.APIautomationFramework.testcases.CreateCustomerTest" time="1.685">
    <failure message="expected [200] but found [401]" type="java.lang.AssertionError">java.lang.AssertionError: expected [200] but found [401]
	at com.automation.APIautomationFramework.testcases.CreateCustomerTest.CreateCustomerAPIInvalid(CreateCustomerTest.java:95)
</failure>
    <system-out><![CDATA[Total rows are : 13
Total rows are : 13
Test name is : CreateCustomerAPIInvalid
Test name is : DeleteCustomer
Test case starts from row num: 7
Total rows of data are : 1
Test case starts from row num: 11
Total rows of data are : 1
Total cols are : 2
Total cols are : 4
{
    "error": {
        "message": "Invalid API Key provided: sk_test_*********************************Y111",
        "type": "invalid_request_error"
    }
}
401
]]></system-out>
  </testcase>
  <testcase name="CreateCustomerAPIValid" classname="com.automation.APIautomationFramework.testcases.CreateCustomerTest" time="0">
    <skipped message="Test skipped since rumode is N"/>
    <system-out><![CDATA[Total rows are : 13
Test name is : CreateCustomerAPIValid
Test case starts from row num: 1
Total rows of data are : 3
Total cols are : 4
]]></system-out>
  </testcase>
  <testcase name="CreateCustomerAPIValid" classname="com.automation.APIautomationFramework.testcases.CreateCustomerTest" time="0.714"/>
  <testcase name="CreateCustomerAPIValid" classname="com.automation.APIautomationFramework.testcases.CreateCustomerTest" time="0.714"/>
  <testcase name="DeleteCustomer" classname="com.automation.APIautomationFramework.testcases.DeleteCustomerTest" time="0.395">
    <failure message="expected [200] but found [404]" type="java.lang.AssertionError">java.lang.AssertionError: expected [200] but found [404]
	at com.automation.APIautomationFramework.testcases.DeleteCustomerTest.DeleteCustomer(DeleteCustomerTest.java:51)
</failure>
    <system-out><![CDATA[{
    "error": {
        "code": "resource_missing",
        "doc_url": "https://stripe.com/docs/error-codes/resource-missing",
        "message": "No such customer: cus_HguK9iKn87CvrJ",
        "param": "id",
        "type": "invalid_request_error"
    }
}
404
]]></system-out>
  </testcase>
</testsuite>